2025-11-03 13:21:21,335 - __main__ - INFO - Base de datos inicializada
2025-11-03 13:21:21,374 - app.core.database - ERROR - Error creando tablas: No module named 'app.models'
2025-11-03 13:21:21,375 - __main__ - ERROR - Error iniciando la aplicacion: No module named 'app.models'
2025-11-05 00:48:26,142 - app - INFO - Logging configurado en: c:\Users\marce\Desarrollo\Binance\quantumtrader-pro\logs\quantumtrader.log
2025-11-05 00:54:07,101 - app - INFO - Logging configurado en: c:\Users\marce\Desarrollo\Binance\quantumtrader-pro\logs\quantumtrader.log
2025-11-05 00:54:54,926 - app - INFO - Logging configurado en: c:\Users\marce\Desarrollo\Binance\quantumtrader-pro\logs\quantumtrader.log
2025-11-05 00:55:51,163 - app - INFO - Logging configurado en: c:\Users\marce\Desarrollo\Binance\quantumtrader-pro\logs\quantumtrader.log
2025-11-05 01:05:47,569 - app - INFO - Logging configurado en: c:\Users\marce\Desarrollo\Binance\quantumtrader-pro\logs\quantumtrader.log
2025-11-05 01:09:34,994 - app - INFO - Logging configurado en: c:\Users\marce\Desarrollo\Binance\quantumtrader-pro\logs\quantumtrader.log
2025-11-05 11:06:18,540 - app - INFO - Logging configurado en: c:\Users\marce\Desarrollo\Binance\quantumtrader-pro\logs\quantumtrader.log
2025-11-05 11:32:00,816 - app - INFO - Logging configurado en: c:\Users\marce\Desarrollo\Binance\quantumtrader-pro\logs\quantumtrader.log
2025-11-05 12:52:33,082 - app - INFO - Logging configurado en: C:\Users\marce\Desarrollo\Binance\quantumtrader-pro\logs\quantumtrader.log
2025-11-05 14:00:30,944 - app - INFO - Logging configurado en: C:\Users\marce\Desarrollo\Binance\quantumtrader-pro\logs\quantumtrader.log
2025-11-05 14:02:20,051 - app - INFO - Logging configurado en: C:\Users\marce\Desarrollo\Binance\quantumtrader-pro\logs\quantumtrader.log
2025-11-05 14:11:59,922 - app - INFO - Logging configurado en: C:\Users\marce\Desarrollo\Binance\quantumtrader-pro\logs\quantumtrader.log
2025-11-05 14:16:08,999 - app - INFO - Logging configurado en: C:\Users\marce\Desarrollo\Binance\quantumtrader-pro\logs\quantumtrader.log
2025-11-05 14:17:21,198 - app - INFO - Logging configurado en: C:\Users\marce\Desarrollo\Binance\quantumtrader-pro\logs\quantumtrader.log
2025-11-05 14:19:06,420 - app - INFO - Logging configurado en: C:\Users\marce\Desarrollo\Binance\quantumtrader-pro\logs\quantumtrader.log
2025-11-05 14:26:02,194 - app - INFO - Logging configurado en: C:\Users\marce\Desarrollo\Binance\quantumtrader-pro\logs\quantumtrader.log
2025-11-05 14:27:34,281 - app - INFO - Logging configurado en: C:\Users\marce\Desarrollo\Binance\quantumtrader-pro\logs\quantumtrader.log
